Vivado Simulator 2019.2
Copyright 1986-1999, 2001-2019 Xilinx, Inc. All Rights Reserved.
Running: /home/shivamtyagi/Xilinx/Vivado/2019.2/bin/unwrapped/lnx64.o/xelab -wto 61cb7978d25f460197b31927da37b266 --incr --debug typical --relax --mt 8 -L xil_defaultlib -L unisims_ver -L secureip --snapshot cla_TB_func_synth xil_defaultlib.cla_TB xil_defaultlib.glbl -log elaborate.log 
Using 8 slave threads.
Starting static elaboration
Pass Through NonSizing Optimizer
Completed static elaboration
Starting simulation data flow analysis
Completed simulation data flow analysis
Time Resolution for simulation is 1ps
Compiling module unisims_ver.BUFG
Compiling module unisims_ver.IBUF
Compiling module unisims_ver.OBUF
Compiling module unisims_ver.FDRE_default
Compiling module unisims_ver.VCC
Compiling module unisims_ver.x_lut3_mux8
Compiling module unisims_ver.LUT3
Compiling module xil_defaultlib.full_adder__63
Compiling module xil_defaultlib.full_adder__53
Compiling module xil_defaultlib.full_adder__52
Compiling module unisims_ver.LUT5
Compiling module xil_defaultlib.full_adder__51
Compiling module xil_defaultlib.full_adder__50
Compiling module xil_defaultlib.full_adder__49
Compiling module xil_defaultlib.full_adder__48
Compiling module xil_defaultlib.full_adder__47
Compiling module xil_defaultlib.full_adder__46
Compiling module xil_defaultlib.full_adder__45
Compiling module xil_defaultlib.full_adder__44
Compiling module xil_defaultlib.full_adder__62
Compiling module unisims_ver.x_lut2_mux4
Compiling module unisims_ver.LUT2
Compiling module xil_defaultlib.full_adder__43
Compiling module xil_defaultlib.full_adder__42
Compiling module xil_defaultlib.full_adder__41
Compiling module xil_defaultlib.full_adder__40
Compiling module xil_defaultlib.full_adder__39
Compiling module xil_defaultlib.full_adder__38
Compiling module xil_defaultlib.full_adder__37
Compiling module xil_defaultlib.full_adder__36
Compiling module xil_defaultlib.full_adder__35
Compiling module xil_defaultlib.full_adder__34
Compiling module xil_defaultlib.full_adder__61
Compiling module unisims_ver.LUT4
Compiling module xil_defaultlib.full_adder__33
Compiling module xil_defaultlib.full_adder__32
Compiling module xil_defaultlib.full_adder__60
Compiling module unisims_ver.LUT6
Compiling module xil_defaultlib.full_adder__59
Compiling module xil_defaultlib.full_adder__58
Compiling module xil_defaultlib.full_adder__57
Compiling module xil_defaultlib.full_adder__56
Compiling module xil_defaultlib.full_adder__55
Compiling module xil_defaultlib.full_adder__54
Compiling module xil_defaultlib.carry_lookahead_adder__1
Compiling module xil_defaultlib.full_adder__95
Compiling module xil_defaultlib.full_adder__85
Compiling module xil_defaultlib.full_adder__84
Compiling module xil_defaultlib.full_adder__83
Compiling module xil_defaultlib.full_adder__82
Compiling module xil_defaultlib.full_adder__81
Compiling module xil_defaultlib.full_adder__80
Compiling module xil_defaultlib.full_adder__79
Compiling module xil_defaultlib.full_adder__78
Compiling module xil_defaultlib.full_adder__77
Compiling module xil_defaultlib.full_adder__76
Compiling module xil_defaultlib.full_adder__94
Compiling module xil_defaultlib.full_adder__75
Compiling module xil_defaultlib.full_adder__74
Compiling module xil_defaultlib.full_adder__73
Compiling module xil_defaultlib.full_adder__72
Compiling module xil_defaultlib.full_adder__71
Compiling module xil_defaultlib.full_adder__70
Compiling module xil_defaultlib.full_adder__69
Compiling module xil_defaultlib.full_adder__68
Compiling module xil_defaultlib.full_adder__67
Compiling module xil_defaultlib.full_adder__66
Compiling module xil_defaultlib.full_adder__93
Compiling module xil_defaultlib.full_adder__65
Compiling module xil_defaultlib.full_adder__64
Compiling module xil_defaultlib.full_adder__92
Compiling module xil_defaultlib.full_adder__91
Compiling module xil_defaultlib.full_adder__90
Compiling module xil_defaultlib.full_adder__89
Compiling module xil_defaultlib.full_adder__88
Compiling module xil_defaultlib.full_adder__87
Compiling module xil_defaultlib.full_adder__86
Compiling module xil_defaultlib.carry_lookahead_adder__2
Compiling module xil_defaultlib.full_adder__127
Compiling module xil_defaultlib.full_adder__117
Compiling module xil_defaultlib.full_adder__116
Compiling module xil_defaultlib.full_adder__115
Compiling module xil_defaultlib.full_adder__114
Compiling module xil_defaultlib.full_adder__113
Compiling module xil_defaultlib.full_adder__112
Compiling module xil_defaultlib.full_adder__111
Compiling module xil_defaultlib.full_adder__110
Compiling module xil_defaultlib.full_adder__109
Compiling module xil_defaultlib.full_adder__108
Compiling module xil_defaultlib.full_adder__126
Compiling module xil_defaultlib.full_adder__107
Compiling module xil_defaultlib.full_adder__106
Compiling module xil_defaultlib.full_adder__105
Compiling module xil_defaultlib.full_adder__104
Compiling module xil_defaultlib.full_adder__103
Compiling module xil_defaultlib.full_adder__102
Compiling module xil_defaultlib.full_adder__101
Compiling module xil_defaultlib.full_adder__100
Compiling module xil_defaultlib.full_adder__99
Compiling module xil_defaultlib.full_adder__98
Compiling module xil_defaultlib.full_adder__125
Compiling module xil_defaultlib.full_adder__97
Compiling module xil_defaultlib.full_adder__96
Compiling module xil_defaultlib.full_adder__124
Compiling module xil_defaultlib.full_adder__123
Compiling module xil_defaultlib.full_adder__122
Compiling module xil_defaultlib.full_adder__121
Compiling module xil_defaultlib.full_adder__120
Compiling module xil_defaultlib.full_adder__119
Compiling module xil_defaultlib.full_adder__118
Compiling module xil_defaultlib.carry_lookahead_adder__3
Compiling module xil_defaultlib.full_adder__159
Compiling module xil_defaultlib.full_adder__149
Compiling module xil_defaultlib.full_adder__148
Compiling module xil_defaultlib.full_adder__147
Compiling module xil_defaultlib.full_adder__146
Compiling module xil_defaultlib.full_adder__145
Compiling module xil_defaultlib.full_adder__144
Compiling module xil_defaultlib.full_adder__143
Compiling module xil_defaultlib.full_adder__142
Compiling module xil_defaultlib.full_adder__141
Compiling module xil_defaultlib.full_adder__140
Compiling module xil_defaultlib.full_adder__158
Compiling module xil_defaultlib.full_adder__139
Compiling module xil_defaultlib.full_adder__138
Compiling module xil_defaultlib.full_adder__137
Compiling module xil_defaultlib.full_adder__136
Compiling module xil_defaultlib.full_adder__135
Compiling module xil_defaultlib.full_adder__134
Compiling module xil_defaultlib.full_adder__133
Compiling module xil_defaultlib.full_adder__132
Compiling module xil_defaultlib.full_adder__131
Compiling module xil_defaultlib.full_adder__130
Compiling module xil_defaultlib.full_adder__157
Compiling module xil_defaultlib.full_adder__129
Compiling module xil_defaultlib.full_adder__128
Compiling module xil_defaultlib.full_adder__156
Compiling module xil_defaultlib.full_adder__155
Compiling module xil_defaultlib.full_adder__154
Compiling module xil_defaultlib.full_adder__153
Compiling module xil_defaultlib.full_adder__152
Compiling module xil_defaultlib.full_adder__151
Compiling module xil_defaultlib.full_adder__150
Compiling module xil_defaultlib.carry_lookahead_adder__4
Compiling module xil_defaultlib.full_adder__191
Compiling module xil_defaultlib.full_adder__181
Compiling module xil_defaultlib.full_adder__180
Compiling module xil_defaultlib.full_adder__179
Compiling module xil_defaultlib.full_adder__178
Compiling module xil_defaultlib.full_adder__177
Compiling module xil_defaultlib.full_adder__176
Compiling module xil_defaultlib.full_adder__175
Compiling module xil_defaultlib.full_adder__174
Compiling module xil_defaultlib.full_adder__173
Compiling module xil_defaultlib.full_adder__172
Compiling module xil_defaultlib.full_adder__190
Compiling module xil_defaultlib.full_adder__171
Compiling module xil_defaultlib.full_adder__170
Compiling module xil_defaultlib.full_adder__169
Compiling module xil_defaultlib.full_adder__168
Compiling module xil_defaultlib.full_adder__167
Compiling module xil_defaultlib.full_adder__166
Compiling module xil_defaultlib.full_adder__165
Compiling module xil_defaultlib.full_adder__164
Compiling module xil_defaultlib.full_adder__163
Compiling module xil_defaultlib.full_adder__162
Compiling module xil_defaultlib.full_adder__189
Compiling module xil_defaultlib.full_adder__161
Compiling module xil_defaultlib.full_adder__160
Compiling module xil_defaultlib.full_adder__188
Compiling module xil_defaultlib.full_adder__187
Compiling module xil_defaultlib.full_adder__186
Compiling module xil_defaultlib.full_adder__185
Compiling module xil_defaultlib.full_adder__184
Compiling module xil_defaultlib.full_adder__183
Compiling module xil_defaultlib.full_adder__182
Compiling module xil_defaultlib.carry_lookahead_adder__5
Compiling module xil_defaultlib.full_adder__223
Compiling module xil_defaultlib.full_adder__213
Compiling module xil_defaultlib.full_adder__212
Compiling module xil_defaultlib.full_adder__211
Compiling module xil_defaultlib.full_adder__210
Compiling module xil_defaultlib.full_adder__209
Compiling module xil_defaultlib.full_adder__208
Compiling module xil_defaultlib.full_adder__207
Compiling module xil_defaultlib.full_adder__206
Compiling module xil_defaultlib.full_adder__205
Compiling module xil_defaultlib.full_adder__204
Compiling module xil_defaultlib.full_adder__222
Compiling module xil_defaultlib.full_adder__203
Compiling module xil_defaultlib.full_adder__202
Compiling module xil_defaultlib.full_adder__201
Compiling module xil_defaultlib.full_adder__200
Compiling module xil_defaultlib.full_adder__199
Compiling module xil_defaultlib.full_adder__198
Compiling module xil_defaultlib.full_adder__197
Compiling module xil_defaultlib.full_adder__196
Compiling module xil_defaultlib.full_adder__195
Compiling module xil_defaultlib.full_adder__194
Compiling module xil_defaultlib.full_adder__221
Compiling module xil_defaultlib.full_adder__193
Compiling module xil_defaultlib.full_adder__192
Compiling module xil_defaultlib.full_adder__220
Compiling module xil_defaultlib.full_adder__219
Compiling module xil_defaultlib.full_adder__218
Compiling module xil_defaultlib.full_adder__217
Compiling module xil_defaultlib.full_adder__216
Compiling module xil_defaultlib.full_adder__215
Compiling module xil_defaultlib.full_adder__214
Compiling module xil_defaultlib.carry_lookahead_adder__6
Compiling module xil_defaultlib.full_adder__255
Compiling module xil_defaultlib.full_adder__245
Compiling module xil_defaultlib.full_adder__244
Compiling module xil_defaultlib.full_adder__243
Compiling module xil_defaultlib.full_adder__242
Compiling module xil_defaultlib.full_adder__241
Compiling module xil_defaultlib.full_adder__240
Compiling module xil_defaultlib.full_adder__239
Compiling module xil_defaultlib.full_adder__238
Compiling module xil_defaultlib.full_adder__237
Compiling module xil_defaultlib.full_adder__236
Compiling module xil_defaultlib.full_adder__254
Compiling module xil_defaultlib.full_adder__235
Compiling module xil_defaultlib.full_adder__234
Compiling module xil_defaultlib.full_adder__233
Compiling module xil_defaultlib.full_adder__232
Compiling module xil_defaultlib.full_adder__231
Compiling module xil_defaultlib.full_adder__230
Compiling module xil_defaultlib.full_adder__229
Compiling module xil_defaultlib.full_adder__228
Compiling module xil_defaultlib.full_adder__227
Compiling module xil_defaultlib.full_adder__226
Compiling module xil_defaultlib.full_adder__253
Compiling module xil_defaultlib.full_adder__225
Compiling module xil_defaultlib.full_adder__224
Compiling module xil_defaultlib.full_adder__252
Compiling module xil_defaultlib.full_adder__251
Compiling module xil_defaultlib.full_adder__250
Compiling module xil_defaultlib.full_adder__249
Compiling module xil_defaultlib.full_adder__248
Compiling module xil_defaultlib.full_adder__247
Compiling module xil_defaultlib.full_adder__246
Compiling module xil_defaultlib.carry_lookahead_adder__7
Compiling module xil_defaultlib.full_adder__1
Compiling module xil_defaultlib.full_adder__11
Compiling module xil_defaultlib.full_adder__12
Compiling module xil_defaultlib.full_adder__13
Compiling module xil_defaultlib.full_adder__14
Compiling module xil_defaultlib.full_adder__15
Compiling module xil_defaultlib.full_adder__16
Compiling module xil_defaultlib.full_adder__17
Compiling module xil_defaultlib.full_adder__18
Compiling module xil_defaultlib.full_adder__19
Compiling module xil_defaultlib.full_adder__20
Compiling module xil_defaultlib.full_adder__2
Compiling module xil_defaultlib.full_adder__21
Compiling module xil_defaultlib.full_adder__22
Compiling module xil_defaultlib.full_adder__23
Compiling module xil_defaultlib.full_adder__24
Compiling module xil_defaultlib.full_adder__25
Compiling module xil_defaultlib.full_adder__26
Compiling module xil_defaultlib.full_adder__27
Compiling module xil_defaultlib.full_adder__28
Compiling module xil_defaultlib.full_adder__29
Compiling module xil_defaultlib.full_adder__30
Compiling module xil_defaultlib.full_adder__3
Compiling module xil_defaultlib.full_adder__31
Compiling module xil_defaultlib.full_adder
Compiling module xil_defaultlib.full_adder__4
Compiling module xil_defaultlib.full_adder__5
Compiling module xil_defaultlib.full_adder__6
Compiling module xil_defaultlib.full_adder__7
Compiling module xil_defaultlib.full_adder__8
Compiling module xil_defaultlib.full_adder__9
Compiling module xil_defaultlib.full_adder__10
Compiling module xil_defaultlib.carry_lookahead_adder
Compiling module xil_defaultlib.BSI_Adder_Top
Compiling module xil_defaultlib.BSI_Memory_Module__1
Compiling module xil_defaultlib.BSI_Memory_Module
Compiling module xil_defaultlib.input_buffer
Compiling module xil_defaultlib.bsi_mem_output_side
Compiling module unisims_ver.MUXF7
Compiling module xil_defaultlib.output_mem_to_R0
Compiling module xil_defaultlib.output_buffer
Compiling module xil_defaultlib.BSI_Adder_Wrapper_level1
Compiling module xil_defaultlib.BSI_Adder_Wrapper_level2
Compiling module xil_defaultlib.cla_TB
Compiling module xil_defaultlib.glbl
Built simulation snapshot cla_TB_func_synth
