Copyright 1986-2019 Xilinx, Inc. All Rights Reserved.
------------------------------------------------------------------------------------------------------
| Tool Version : Vivado v.2019.2.1 (lin64) Build 2729669 Thu Dec  5 04:48:12 MST 2019
| Date         : Wed Apr 15 21:21:34 2020
| Host         : ubuntu running 64-bit Ubuntu 18.04.4 LTS
| Command      : report_clock_utilization -file CLA_Adder_Wrapper_level2_clock_utilization_routed.rpt
| Design       : CLA_Adder_Wrapper_level2
| Device       : 7a35t-cpg236
| Speed File   : -1  PRODUCTION 1.23 2018-06-13
| Design State : Routed
------------------------------------------------------------------------------------------------------

Clock Utilization Report

Table of Contents
-----------------
1. Clock Primitive Utilization
2. Global Clock Resources
3. Global Clock Source Details
4. Clock Regions: Key Resource Utilization
5. Clock Regions : Global Clock Summary
6. Device Cell Placement Summary for Global Clock g0
7. Device Cell Placement Summary for Global Clock g1
8. Device Cell Placement Summary for Global Clock g2
9. Device Cell Placement Summary for Global Clock g3
10. Device Cell Placement Summary for Global Clock g4
11. Device Cell Placement Summary for Global Clock g5
12. Device Cell Placement Summary for Global Clock g6
13. Device Cell Placement Summary for Global Clock g7
14. Device Cell Placement Summary for Global Clock g8
15. Device Cell Placement Summary for Global Clock g9
16. Device Cell Placement Summary for Global Clock g10
17. Device Cell Placement Summary for Global Clock g11
18. Clock Region Cell Placement per Global Clock: Region X1Y0
19. Clock Region Cell Placement per Global Clock: Region X1Y1

1. Clock Primitive Utilization
------------------------------

+----------+------+-----------+-----+--------------+--------+
| Type     | Used | Available | LOC | Clock Region | Pblock |
+----------+------+-----------+-----+--------------+--------+
| BUFGCTRL |   12 |        32 |   0 |            0 |      0 |
| BUFH     |    0 |        72 |   0 |            0 |      0 |
| BUFIO    |    0 |        20 |   0 |            0 |      0 |
| BUFMR    |    0 |        10 |   0 |            0 |      0 |
| BUFR     |    0 |        20 |   0 |            0 |      0 |
| MMCM     |    0 |         5 |   0 |            0 |      0 |
| PLL      |    0 |         5 |   0 |            0 |      0 |
+----------+------+-----------+-----+--------------+--------+


2. Global Clock Resources
-------------------------

+-----------+-----------+-----------------+------------+----------------+--------------+-------------------+-------------+-----------------+--------------+-------------+----------------------------------------------------------------------------+---------------------------------------------------------------------+
| Global Id | Source Id | Driver Type/Pin | Constraint | Site           | Clock Region | Load Clock Region | Clock Loads | Non-Clock Loads | Clock Period | Clock       | Driver Pin                                                                 | Net                                                                 |
+-----------+-----------+-----------------+------------+----------------+--------------+-------------------+-------------+-----------------+--------------+-------------+----------------------------------------------------------------------------+---------------------------------------------------------------------+
| g0        | src0      | BUFG/O          | None       | BUFGCTRL_X0Y0  | n/a          |                 2 |        1326 |               0 |       40.000 | sys_clk_pin | clock_IBUF_BUFG_inst/O                                                     | clock_IBUF_BUFG                                                     |
| g1        | src1      | BUFG/O          | None       | BUFGCTRL_X0Y1  | n/a          |                 2 |          32 |               0 |              |             | instance_wrapper_level1/input_buffer_instance/bsi_mem_A/n_0_6_BUFG_inst/O  | instance_wrapper_level1/input_buffer_instance/bsi_mem_A/n_0_6_BUFG  |
| g2        | src2      | BUFG/O          | None       | BUFGCTRL_X0Y2  | n/a          |                 2 |          32 |               0 |              |             | instance_wrapper_level1/input_buffer_instance/bsi_mem_A/n_1_5_BUFG_inst/O  | instance_wrapper_level1/input_buffer_instance/bsi_mem_A/n_1_5_BUFG  |
| g3        | src3      | BUFG/O          | None       | BUFGCTRL_X0Y3  | n/a          |                 2 |          32 |               0 |              |             | instance_wrapper_level1/input_buffer_instance/bsi_mem_A/n_2_4_BUFG_inst/O  | instance_wrapper_level1/input_buffer_instance/bsi_mem_A/n_2_4_BUFG  |
| g4        | src4      | BUFG/O          | None       | BUFGCTRL_X0Y4  | n/a          |                 2 |          32 |               0 |              |             | instance_wrapper_level1/input_buffer_instance/bsi_mem_A/n_3_3_BUFG_inst/O  | instance_wrapper_level1/input_buffer_instance/bsi_mem_A/n_3_3_BUFG  |
| g5        | src5      | BUFG/O          | None       | BUFGCTRL_X0Y5  | n/a          |                 2 |          32 |               0 |              |             | instance_wrapper_level1/input_buffer_instance/bsi_mem_A/n_4_2_BUFG_inst/O  | instance_wrapper_level1/input_buffer_instance/bsi_mem_A/n_4_2_BUFG  |
| g6        | src6      | BUFG/O          | None       | BUFGCTRL_X0Y6  | n/a          |                 2 |          32 |               0 |              |             | instance_wrapper_level1/input_buffer_instance/bsi_mem_A/n_5_1_BUFG_inst/O  | instance_wrapper_level1/input_buffer_instance/bsi_mem_A/n_5_1_BUFG  |
| g7        | src7      | BUFG/O          | None       | BUFGCTRL_X0Y7  | n/a          |                 2 |          32 |               0 |              |             | instance_wrapper_level1/input_buffer_instance/bsi_mem_A/n_6_0_BUFG_inst/O  | instance_wrapper_level1/input_buffer_instance/bsi_mem_A/n_6_0_BUFG  |
| g8        | src8      | BUFG/O          | None       | BUFGCTRL_X0Y8  | n/a          |                 2 |          32 |               0 |              |             | instance_wrapper_level1/input_buffer_instance/bsi_mem_A/n_7_7_BUFG_inst/O  | instance_wrapper_level1/input_buffer_instance/bsi_mem_A/n_7_7_BUFG  |
| g9        | src9      | BUFG/O          | None       | BUFGCTRL_X0Y9  | n/a          |                 2 |          32 |               0 |              |             | instance_wrapper_level1/input_buffer_instance/bsi_mem_B/n_10_5_BUFG_inst/O | instance_wrapper_level1/input_buffer_instance/bsi_mem_B/n_10_5_BUFG |
| g10       | src10     | BUFG/O          | None       | BUFGCTRL_X0Y10 | n/a          |                 2 |          32 |               0 |              |             | instance_wrapper_level1/input_buffer_instance/bsi_mem_B/n_8_7_BUFG_inst/O  | instance_wrapper_level1/input_buffer_instance/bsi_mem_B/n_8_7_BUFG  |
| g11       | src11     | BUFG/O          | None       | BUFGCTRL_X0Y11 | n/a          |                 2 |          32 |               0 |              |             | instance_wrapper_level1/input_buffer_instance/bsi_mem_B/n_9_6_BUFG_inst/O  | instance_wrapper_level1/input_buffer_instance/bsi_mem_B/n_9_6_BUFG  |
+-----------+-----------+-----------------+------------+----------------+--------------+-------------------+-------------+-----------------+--------------+-------------+----------------------------------------------------------------------------+---------------------------------------------------------------------+
* Clock Loads column represents the clock pin loads (pin count)
** Non-Clock Loads column represents the non-clock pin loads (pin count)


3. Global Clock Source Details
------------------------------

+-----------+-----------+-----------------+------------+--------------+--------------+-------------+-----------------+---------------------+--------------+--------------------------------------------------------------------------------+-------------------------------------------------------------------------------+
| Source Id | Global Id | Driver Type/Pin | Constraint | Site         | Clock Region | Clock Loads | Non-Clock Loads | Source Clock Period | Source Clock | Driver Pin                                                                     | Net                                                                           |
+-----------+-----------+-----------------+------------+--------------+--------------+-------------+-----------------+---------------------+--------------+--------------------------------------------------------------------------------+-------------------------------------------------------------------------------+
| src0      | g0        | IBUF/O          | IOB_X1Y26  | IOB_X1Y26    | X1Y0         |           1 |               0 |              40.000 | sys_clk_pin  | clock_IBUF_inst/O                                                              | clock_IBUF                                                                    |
| src1      | g1        | LUT5/O          | None       | SLICE_X36Y46 | X1Y0         |           1 |               0 |                     |              | instance_wrapper_level1/input_buffer_instance/bsi_mem_A/n_0_6_BUFG_inst_i_1/O  | instance_wrapper_level1/input_buffer_instance/bsi_mem_A/n_0_6_BUFG_inst_n_1   |
| src2      | g2        | LUT5/O          | None       | SLICE_X36Y46 | X1Y0         |           1 |               0 |                     |              | instance_wrapper_level1/input_buffer_instance/bsi_mem_A/n_1_5_BUFG_inst_i_1/O  | instance_wrapper_level1/input_buffer_instance/bsi_mem_A/n_1_5_BUFG_inst_n_2   |
| src3      | g3        | LUT5/O          | None       | SLICE_X36Y46 | X1Y0         |           1 |               0 |                     |              | instance_wrapper_level1/input_buffer_instance/bsi_mem_A/n_2_4_BUFG_inst_i_1/O  | instance_wrapper_level1/input_buffer_instance/bsi_mem_A/n_2_4_BUFG_inst_n_3   |
| src4      | g4        | LUT5/O          | None       | SLICE_X36Y46 | X1Y0         |           1 |               0 |                     |              | instance_wrapper_level1/input_buffer_instance/bsi_mem_A/n_3_3_BUFG_inst_i_1/O  | instance_wrapper_level1/input_buffer_instance/bsi_mem_A/n_3_3_BUFG_inst_n_4   |
| src5      | g5        | LUT5/O          | None       | SLICE_X36Y46 | X1Y0         |           1 |               0 |                     |              | instance_wrapper_level1/input_buffer_instance/bsi_mem_A/n_4_2_BUFG_inst_i_1/O  | instance_wrapper_level1/input_buffer_instance/bsi_mem_A/n_4_2_BUFG_inst_n_5   |
| src6      | g6        | LUT5/O          | None       | SLICE_X36Y46 | X1Y0         |           1 |               0 |                     |              | instance_wrapper_level1/input_buffer_instance/bsi_mem_A/n_5_1_BUFG_inst_i_1/O  | instance_wrapper_level1/input_buffer_instance/bsi_mem_A/n_5_1_BUFG_inst_n_6   |
| src7      | g7        | LUT5/O          | None       | SLICE_X36Y46 | X1Y0         |           1 |               0 |                     |              | instance_wrapper_level1/input_buffer_instance/bsi_mem_A/n_6_0_BUFG_inst_i_1/O  | instance_wrapper_level1/input_buffer_instance/bsi_mem_A/n_6_0_BUFG_inst_n_7   |
| src8      | g8        | LUT5/O          | None       | SLICE_X36Y46 | X1Y0         |           1 |               0 |                     |              | instance_wrapper_level1/input_buffer_instance/bsi_mem_A/n_7_7_BUFG_inst_i_1/O  | instance_wrapper_level1/input_buffer_instance/bsi_mem_A/n_7_7_BUFG_inst_n_8   |
| src9      | g9        | LUT5/O          | None       | SLICE_X37Y46 | X1Y0         |           1 |               0 |                     |              | instance_wrapper_level1/input_buffer_instance/bsi_mem_B/n_10_5_BUFG_inst_i_1/O | instance_wrapper_level1/input_buffer_instance/bsi_mem_B/n_10_5_BUFG_inst_n_11 |
| src10     | g10       | LUT5/O          | None       | SLICE_X37Y46 | X1Y0         |           1 |               0 |                     |              | instance_wrapper_level1/input_buffer_instance/bsi_mem_B/n_8_7_BUFG_inst_i_1/O  | instance_wrapper_level1/input_buffer_instance/bsi_mem_B/n_8_7_BUFG_inst_n_9   |
| src11     | g11       | LUT5/O          | None       | SLICE_X37Y46 | X1Y0         |           1 |               0 |                     |              | instance_wrapper_level1/input_buffer_instance/bsi_mem_B/n_9_6_BUFG_inst_i_1/O  | instance_wrapper_level1/input_buffer_instance/bsi_mem_B/n_9_6_BUFG_inst_n_10  |
+-----------+-----------+-----------------+------------+--------------+--------------+-------------+-----------------+---------------------+--------------+--------------------------------------------------------------------------------+-------------------------------------------------------------------------------+
* Clock Loads column represents the clock pin loads (pin count)
** Non-Clock Loads column represents the non-clock pin loads (pin count)


4. Clock Regions: Key Resource Utilization
------------------------------------------

+-------------------+--------------+--------------+--------------+--------------+--------------+--------------+--------------+--------------+--------------+--------------+--------------+--------------+--------------+--------------+--------------+
|                   | Global Clock |     BUFRs    |    BUFMRs    |    BUFIOs    |     MMCM     |      PLL     |      GT      |      PCI     |    ILOGIC    |    OLOGIC    |      FF      |     LUTM     |    RAMB18    |    RAMB36    |    DSP48E2   |
+-------------------+------+-------+------+-------+------+-------+------+-------+------+-------+------+-------+------+-------+------+-------+------+-------+------+-------+------+-------+------+-------+------+-------+------+-------+------+-------+
| Clock Region Name | Used | Avail | Used | Avail | Used | Avail | Used | Avail | Used | Avail | Used | Avail | Used | Avail | Used | Avail | Used | Avail | Used | Avail | Used | Avail | Used | Avail | Used | Avail | Used | Avail | Used | Avail |
+-------------------+------+-------+------+-------+------+-------+------+-------+------+-------+------+-------+------+-------+------+-------+------+-------+------+-------+------+-------+------+-------+------+-------+------+-------+------+-------+
| X0Y0              |    0 |    12 |    0 |     4 |    0 |     2 |    0 |     4 |    0 |     1 |    0 |     1 |    0 |     0 |    0 |     0 |    0 |    50 |    0 |    50 |    0 |  1200 |    0 |   400 |    0 |    20 |    0 |    10 |    0 |    20 |
| X1Y0              |   12 |    12 |    0 |     4 |    0 |     2 |    0 |     4 |    0 |     1 |    0 |     1 |    0 |     0 |    0 |     0 |    0 |    50 |    0 |    50 |  958 |  1500 |  384 |   450 |    0 |    40 |    0 |    20 |    0 |    20 |
| X0Y1              |    0 |    12 |    0 |     4 |    0 |     2 |    0 |     4 |    0 |     1 |    0 |     1 |    0 |     0 |    0 |     0 |    0 |    50 |    0 |    50 |    0 |  1200 |    0 |   400 |    0 |    20 |    0 |    10 |    0 |    20 |
| X1Y1              |   12 |    12 |    0 |     4 |    0 |     2 |    0 |     4 |    0 |     1 |    0 |     1 |    0 |     0 |    0 |     0 |    0 |    50 |    0 |    50 |  368 |  1500 |  151 |   450 |    0 |    40 |    0 |    20 |    0 |    20 |
| X0Y2              |    0 |    12 |    0 |     4 |    0 |     2 |    0 |     4 |    0 |     1 |    0 |     1 |    0 |     0 |    0 |     0 |    0 |    50 |    0 |    50 |    0 |  1800 |    0 |   400 |    0 |    20 |    0 |    10 |    0 |    20 |
| X1Y2              |    0 |    12 |    0 |     0 |    0 |     0 |    0 |     0 |    0 |     0 |    0 |     0 |    0 |     4 |    0 |     1 |    0 |     0 |    0 |     0 |    0 |   950 |    0 |   300 |    0 |    10 |    0 |     5 |    0 |    20 |
+-------------------+------+-------+------+-------+------+-------+------+-------+------+-------+------+-------+------+-------+------+-------+------+-------+------+-------+------+-------+------+-------+------+-------+------+-------+------+-------+
* Global Clock column represents track count; while other columns represents cell counts


5. Clock Regions : Global Clock Summary
---------------------------------------

All Modules
+----+----+----+
|    | X0 | X1 |
+----+----+----+
| Y2 |  0 |  0 |
| Y1 |  0 | 12 |
| Y0 |  0 | 12 |
+----+----+----+


6. Device Cell Placement Summary for Global Clock g0
----------------------------------------------------

+-----------+-----------------+-------------------+-------------+-------------+----------------+-------------+----------+----------------+----------+-----------------+
| Global Id | Driver Type/Pin | Driver Region (D) | Clock       | Period (ns) | Waveform (ns)  | Slice Loads | IO Loads | Clocking Loads | GT Loads | Net             |
+-----------+-----------------+-------------------+-------------+-------------+----------------+-------------+----------+----------------+----------+-----------------+
| g0        | BUFG/O          | n/a               | sys_clk_pin |      40.000 | {0.000 20.000} |        1326 |        0 |              0 |        0 | clock_IBUF_BUFG |
+-----------+-----------------+-------------------+-------------+-------------+----------------+-------------+----------+----------------+----------+-----------------+
* Slice Loads column represents load cell count of all cell types other than IO, GT and clock resources
** IO Loads column represents load cell count of IO types
*** Clocking Loads column represents load cell count that are clock resources (global clock buffer, MMCM, PLL, etc)
**** GT Loads column represents load cell count of GT types


+----+----+------+
|    | X0 | X1   |
+----+----+------+
| Y2 |  0 |    0 |
| Y1 |  0 |  368 |
| Y0 |  0 |  958 |
+----+----+------+


7. Device Cell Placement Summary for Global Clock g1
----------------------------------------------------

+-----------+-----------------+-------------------+-------+-------------+---------------+-------------+----------+----------------+----------+--------------------------------------------------------------------+
| Global Id | Driver Type/Pin | Driver Region (D) | Clock | Period (ns) | Waveform (ns) | Slice Loads | IO Loads | Clocking Loads | GT Loads | Net                                                                |
+-----------+-----------------+-------------------+-------+-------------+---------------+-------------+----------+----------------+----------+--------------------------------------------------------------------+
| g1        | BUFG/O          | n/a               |       |             |               |          32 |        0 |              0 |        0 | instance_wrapper_level1/input_buffer_instance/bsi_mem_A/n_0_6_BUFG |
+-----------+-----------------+-------------------+-------+-------------+---------------+-------------+----------+----------------+----------+--------------------------------------------------------------------+
* Slice Loads column represents load cell count of all cell types other than IO, GT and clock resources
** IO Loads column represents load cell count of IO types
*** Clocking Loads column represents load cell count that are clock resources (global clock buffer, MMCM, PLL, etc)
**** GT Loads column represents load cell count of GT types


+----+----+-----+
|    | X0 | X1  |
+----+----+-----+
| Y2 |  0 |   0 |
| Y1 |  0 |   9 |
| Y0 |  0 |  23 |
+----+----+-----+


8. Device Cell Placement Summary for Global Clock g2
----------------------------------------------------

+-----------+-----------------+-------------------+-------+-------------+---------------+-------------+----------+----------------+----------+--------------------------------------------------------------------+
| Global Id | Driver Type/Pin | Driver Region (D) | Clock | Period (ns) | Waveform (ns) | Slice Loads | IO Loads | Clocking Loads | GT Loads | Net                                                                |
+-----------+-----------------+-------------------+-------+-------------+---------------+-------------+----------+----------------+----------+--------------------------------------------------------------------+
| g2        | BUFG/O          | n/a               |       |             |               |          32 |        0 |              0 |        0 | instance_wrapper_level1/input_buffer_instance/bsi_mem_A/n_1_5_BUFG |
+-----------+-----------------+-------------------+-------+-------------+---------------+-------------+----------+----------------+----------+--------------------------------------------------------------------+
* Slice Loads column represents load cell count of all cell types other than IO, GT and clock resources
** IO Loads column represents load cell count of IO types
*** Clocking Loads column represents load cell count that are clock resources (global clock buffer, MMCM, PLL, etc)
**** GT Loads column represents load cell count of GT types


+----+----+-----+
|    | X0 | X1  |
+----+----+-----+
| Y2 |  0 |   0 |
| Y1 |  0 |   9 |
| Y0 |  0 |  23 |
+----+----+-----+


9. Device Cell Placement Summary for Global Clock g3
----------------------------------------------------

+-----------+-----------------+-------------------+-------+-------------+---------------+-------------+----------+----------------+----------+--------------------------------------------------------------------+
| Global Id | Driver Type/Pin | Driver Region (D) | Clock | Period (ns) | Waveform (ns) | Slice Loads | IO Loads | Clocking Loads | GT Loads | Net                                                                |
+-----------+-----------------+-------------------+-------+-------------+---------------+-------------+----------+----------------+----------+--------------------------------------------------------------------+
| g3        | BUFG/O          | n/a               |       |             |               |          32 |        0 |              0 |        0 | instance_wrapper_level1/input_buffer_instance/bsi_mem_A/n_2_4_BUFG |
+-----------+-----------------+-------------------+-------+-------------+---------------+-------------+----------+----------------+----------+--------------------------------------------------------------------+
* Slice Loads column represents load cell count of all cell types other than IO, GT and clock resources
** IO Loads column represents load cell count of IO types
*** Clocking Loads column represents load cell count that are clock resources (global clock buffer, MMCM, PLL, etc)
**** GT Loads column represents load cell count of GT types


+----+----+-----+
|    | X0 | X1  |
+----+----+-----+
| Y2 |  0 |   0 |
| Y1 |  0 |   9 |
| Y0 |  0 |  23 |
+----+----+-----+


10. Device Cell Placement Summary for Global Clock g4
-----------------------------------------------------

+-----------+-----------------+-------------------+-------+-------------+---------------+-------------+----------+----------------+----------+--------------------------------------------------------------------+
| Global Id | Driver Type/Pin | Driver Region (D) | Clock | Period (ns) | Waveform (ns) | Slice Loads | IO Loads | Clocking Loads | GT Loads | Net                                                                |
+-----------+-----------------+-------------------+-------+-------------+---------------+-------------+----------+----------------+----------+--------------------------------------------------------------------+
| g4        | BUFG/O          | n/a               |       |             |               |          32 |        0 |              0 |        0 | instance_wrapper_level1/input_buffer_instance/bsi_mem_A/n_3_3_BUFG |
+-----------+-----------------+-------------------+-------+-------------+---------------+-------------+----------+----------------+----------+--------------------------------------------------------------------+
* Slice Loads column represents load cell count of all cell types other than IO, GT and clock resources
** IO Loads column represents load cell count of IO types
*** Clocking Loads column represents load cell count that are clock resources (global clock buffer, MMCM, PLL, etc)
**** GT Loads column represents load cell count of GT types


+----+----+-----+
|    | X0 | X1  |
+----+----+-----+
| Y2 |  0 |   0 |
| Y1 |  0 |   9 |
| Y0 |  0 |  23 |
+----+----+-----+


11. Device Cell Placement Summary for Global Clock g5
-----------------------------------------------------

+-----------+-----------------+-------------------+-------+-------------+---------------+-------------+----------+----------------+----------+--------------------------------------------------------------------+
| Global Id | Driver Type/Pin | Driver Region (D) | Clock | Period (ns) | Waveform (ns) | Slice Loads | IO Loads | Clocking Loads | GT Loads | Net                                                                |
+-----------+-----------------+-------------------+-------+-------------+---------------+-------------+----------+----------------+----------+--------------------------------------------------------------------+
| g5        | BUFG/O          | n/a               |       |             |               |          32 |        0 |              0 |        0 | instance_wrapper_level1/input_buffer_instance/bsi_mem_A/n_4_2_BUFG |
+-----------+-----------------+-------------------+-------+-------------+---------------+-------------+----------+----------------+----------+--------------------------------------------------------------------+
* Slice Loads column represents load cell count of all cell types other than IO, GT and clock resources
** IO Loads column represents load cell count of IO types
*** Clocking Loads column represents load cell count that are clock resources (global clock buffer, MMCM, PLL, etc)
**** GT Loads column represents load cell count of GT types


+----+----+-----+
|    | X0 | X1  |
+----+----+-----+
| Y2 |  0 |   0 |
| Y1 |  0 |  10 |
| Y0 |  0 |  22 |
+----+----+-----+


12. Device Cell Placement Summary for Global Clock g6
-----------------------------------------------------

+-----------+-----------------+-------------------+-------+-------------+---------------+-------------+----------+----------------+----------+--------------------------------------------------------------------+
| Global Id | Driver Type/Pin | Driver Region (D) | Clock | Period (ns) | Waveform (ns) | Slice Loads | IO Loads | Clocking Loads | GT Loads | Net                                                                |
+-----------+-----------------+-------------------+-------+-------------+---------------+-------------+----------+----------------+----------+--------------------------------------------------------------------+
| g6        | BUFG/O          | n/a               |       |             |               |          32 |        0 |              0 |        0 | instance_wrapper_level1/input_buffer_instance/bsi_mem_A/n_5_1_BUFG |
+-----------+-----------------+-------------------+-------+-------------+---------------+-------------+----------+----------------+----------+--------------------------------------------------------------------+
* Slice Loads column represents load cell count of all cell types other than IO, GT and clock resources
** IO Loads column represents load cell count of IO types
*** Clocking Loads column represents load cell count that are clock resources (global clock buffer, MMCM, PLL, etc)
**** GT Loads column represents load cell count of GT types


+----+----+-----+
|    | X0 | X1  |
+----+----+-----+
| Y2 |  0 |   0 |
| Y1 |  0 |   8 |
| Y0 |  0 |  24 |
+----+----+-----+


13. Device Cell Placement Summary for Global Clock g7
-----------------------------------------------------

+-----------+-----------------+-------------------+-------+-------------+---------------+-------------+----------+----------------+----------+--------------------------------------------------------------------+
| Global Id | Driver Type/Pin | Driver Region (D) | Clock | Period (ns) | Waveform (ns) | Slice Loads | IO Loads | Clocking Loads | GT Loads | Net                                                                |
+-----------+-----------------+-------------------+-------+-------------+---------------+-------------+----------+----------------+----------+--------------------------------------------------------------------+
| g7        | BUFG/O          | n/a               |       |             |               |          32 |        0 |              0 |        0 | instance_wrapper_level1/input_buffer_instance/bsi_mem_A/n_6_0_BUFG |
+-----------+-----------------+-------------------+-------+-------------+---------------+-------------+----------+----------------+----------+--------------------------------------------------------------------+
* Slice Loads column represents load cell count of all cell types other than IO, GT and clock resources
** IO Loads column represents load cell count of IO types
*** Clocking Loads column represents load cell count that are clock resources (global clock buffer, MMCM, PLL, etc)
**** GT Loads column represents load cell count of GT types


+----+----+-----+
|    | X0 | X1  |
+----+----+-----+
| Y2 |  0 |   0 |
| Y1 |  0 |   6 |
| Y0 |  0 |  26 |
+----+----+-----+


14. Device Cell Placement Summary for Global Clock g8
-----------------------------------------------------

+-----------+-----------------+-------------------+-------+-------------+---------------+-------------+----------+----------------+----------+--------------------------------------------------------------------+
| Global Id | Driver Type/Pin | Driver Region (D) | Clock | Period (ns) | Waveform (ns) | Slice Loads | IO Loads | Clocking Loads | GT Loads | Net                                                                |
+-----------+-----------------+-------------------+-------+-------------+---------------+-------------+----------+----------------+----------+--------------------------------------------------------------------+
| g8        | BUFG/O          | n/a               |       |             |               |          32 |        0 |              0 |        0 | instance_wrapper_level1/input_buffer_instance/bsi_mem_A/n_7_7_BUFG |
+-----------+-----------------+-------------------+-------+-------------+---------------+-------------+----------+----------------+----------+--------------------------------------------------------------------+
* Slice Loads column represents load cell count of all cell types other than IO, GT and clock resources
** IO Loads column represents load cell count of IO types
*** Clocking Loads column represents load cell count that are clock resources (global clock buffer, MMCM, PLL, etc)
**** GT Loads column represents load cell count of GT types


+----+----+-----+
|    | X0 | X1  |
+----+----+-----+
| Y2 |  0 |   0 |
| Y1 |  0 |   7 |
| Y0 |  0 |  25 |
+----+----+-----+


15. Device Cell Placement Summary for Global Clock g9
-----------------------------------------------------

+-----------+-----------------+-------------------+-------+-------------+---------------+-------------+----------+----------------+----------+---------------------------------------------------------------------+
| Global Id | Driver Type/Pin | Driver Region (D) | Clock | Period (ns) | Waveform (ns) | Slice Loads | IO Loads | Clocking Loads | GT Loads | Net                                                                 |
+-----------+-----------------+-------------------+-------+-------------+---------------+-------------+----------+----------------+----------+---------------------------------------------------------------------+
| g9        | BUFG/O          | n/a               |       |             |               |          32 |        0 |              0 |        0 | instance_wrapper_level1/input_buffer_instance/bsi_mem_B/n_10_5_BUFG |
+-----------+-----------------+-------------------+-------+-------------+---------------+-------------+----------+----------------+----------+---------------------------------------------------------------------+
* Slice Loads column represents load cell count of all cell types other than IO, GT and clock resources
** IO Loads column represents load cell count of IO types
*** Clocking Loads column represents load cell count that are clock resources (global clock buffer, MMCM, PLL, etc)
**** GT Loads column represents load cell count of GT types


+----+----+-----+
|    | X0 | X1  |
+----+----+-----+
| Y2 |  0 |   0 |
| Y1 |  0 |   9 |
| Y0 |  0 |  23 |
+----+----+-----+


16. Device Cell Placement Summary for Global Clock g10
------------------------------------------------------

+-----------+-----------------+-------------------+-------+-------------+---------------+-------------+----------+----------------+----------+--------------------------------------------------------------------+
| Global Id | Driver Type/Pin | Driver Region (D) | Clock | Period (ns) | Waveform (ns) | Slice Loads | IO Loads | Clocking Loads | GT Loads | Net                                                                |
+-----------+-----------------+-------------------+-------+-------------+---------------+-------------+----------+----------------+----------+--------------------------------------------------------------------+
| g10       | BUFG/O          | n/a               |       |             |               |          32 |        0 |              0 |        0 | instance_wrapper_level1/input_buffer_instance/bsi_mem_B/n_8_7_BUFG |
+-----------+-----------------+-------------------+-------+-------------+---------------+-------------+----------+----------------+----------+--------------------------------------------------------------------+
* Slice Loads column represents load cell count of all cell types other than IO, GT and clock resources
** IO Loads column represents load cell count of IO types
*** Clocking Loads column represents load cell count that are clock resources (global clock buffer, MMCM, PLL, etc)
**** GT Loads column represents load cell count of GT types


+----+----+-----+
|    | X0 | X1  |
+----+----+-----+
| Y2 |  0 |   0 |
| Y1 |  0 |   9 |
| Y0 |  0 |  23 |
+----+----+-----+


17. Device Cell Placement Summary for Global Clock g11
------------------------------------------------------

+-----------+-----------------+-------------------+-------+-------------+---------------+-------------+----------+----------------+----------+--------------------------------------------------------------------+
| Global Id | Driver Type/Pin | Driver Region (D) | Clock | Period (ns) | Waveform (ns) | Slice Loads | IO Loads | Clocking Loads | GT Loads | Net                                                                |
+-----------+-----------------+-------------------+-------+-------------+---------------+-------------+----------+----------------+----------+--------------------------------------------------------------------+
| g11       | BUFG/O          | n/a               |       |             |               |          32 |        0 |              0 |        0 | instance_wrapper_level1/input_buffer_instance/bsi_mem_B/n_9_6_BUFG |
+-----------+-----------------+-------------------+-------+-------------+---------------+-------------+----------+----------------+----------+--------------------------------------------------------------------+
* Slice Loads column represents load cell count of all cell types other than IO, GT and clock resources
** IO Loads column represents load cell count of IO types
*** Clocking Loads column represents load cell count that are clock resources (global clock buffer, MMCM, PLL, etc)
**** GT Loads column represents load cell count of GT types


+----+----+-----+
|    | X0 | X1  |
+----+----+-----+
| Y2 |  0 |   0 |
| Y1 |  0 |   9 |
| Y0 |  0 |  23 |
+----+----+-----+


18. Clock Region Cell Placement per Global Clock: Region X1Y0
-------------------------------------------------------------

+-----------+-------+-----------------+------------+-------------+-----------------+-----+--------+------+-----+----+------+-----+---------+---------------------------------------------------------------------+
| Global Id | Track | Driver Type/Pin | Constraint | Clock Loads | Non-Clock Loads | FF  | LUTRAM | RAMB | DSP | GT | MMCM | PLL | Hard IP | Net                                                                 |
+-----------+-------+-----------------+------------+-------------+-----------------+-----+--------+------+-----+----+------+-----+---------+---------------------------------------------------------------------+
| g0        | n/a   | BUFG/O          | None       |         958 |               0 | 958 |      0 |    0 |   0 |  0 |    0 |   0 |       0 | clock_IBUF_BUFG                                                     |
| g1        | n/a   | BUFG/O          | None       |          23 |               0 |   0 |      0 |    0 |   0 |  0 |    0 |   0 |       0 | instance_wrapper_level1/input_buffer_instance/bsi_mem_A/n_0_6_BUFG  |
| g2        | n/a   | BUFG/O          | None       |          23 |               0 |   0 |      0 |    0 |   0 |  0 |    0 |   0 |       0 | instance_wrapper_level1/input_buffer_instance/bsi_mem_A/n_1_5_BUFG  |
| g3        | n/a   | BUFG/O          | None       |          23 |               0 |   0 |      0 |    0 |   0 |  0 |    0 |   0 |       0 | instance_wrapper_level1/input_buffer_instance/bsi_mem_A/n_2_4_BUFG  |
| g4        | n/a   | BUFG/O          | None       |          23 |               0 |   0 |      0 |    0 |   0 |  0 |    0 |   0 |       0 | instance_wrapper_level1/input_buffer_instance/bsi_mem_A/n_3_3_BUFG  |
| g5        | n/a   | BUFG/O          | None       |          22 |               0 |   0 |      0 |    0 |   0 |  0 |    0 |   0 |       0 | instance_wrapper_level1/input_buffer_instance/bsi_mem_A/n_4_2_BUFG  |
| g6        | n/a   | BUFG/O          | None       |          24 |               0 |   0 |      0 |    0 |   0 |  0 |    0 |   0 |       0 | instance_wrapper_level1/input_buffer_instance/bsi_mem_A/n_5_1_BUFG  |
| g7        | n/a   | BUFG/O          | None       |          26 |               0 |   0 |      0 |    0 |   0 |  0 |    0 |   0 |       0 | instance_wrapper_level1/input_buffer_instance/bsi_mem_A/n_6_0_BUFG  |
| g8        | n/a   | BUFG/O          | None       |          25 |               0 |   0 |      0 |    0 |   0 |  0 |    0 |   0 |       0 | instance_wrapper_level1/input_buffer_instance/bsi_mem_A/n_7_7_BUFG  |
| g9        | n/a   | BUFG/O          | None       |          23 |               0 |   0 |      0 |    0 |   0 |  0 |    0 |   0 |       0 | instance_wrapper_level1/input_buffer_instance/bsi_mem_B/n_10_5_BUFG |
| g10       | n/a   | BUFG/O          | None       |          23 |               0 |   0 |      0 |    0 |   0 |  0 |    0 |   0 |       0 | instance_wrapper_level1/input_buffer_instance/bsi_mem_B/n_8_7_BUFG  |
| g11       | n/a   | BUFG/O          | None       |          23 |               0 |   0 |      0 |    0 |   0 |  0 |    0 |   0 |       0 | instance_wrapper_level1/input_buffer_instance/bsi_mem_B/n_9_6_BUFG  |
+-----------+-------+-----------------+------------+-------------+-----------------+-----+--------+------+-----+----+------+-----+---------+---------------------------------------------------------------------+
* Clock Loads column represents the clock pin loads (pin count)
** Non-Clock Loads column represents the non-clock pin loads (pin count)
*** Columns FF, LUTRAM, RAMB through 'Hard IP' represents load cell counts


19. Clock Region Cell Placement per Global Clock: Region X1Y1
-------------------------------------------------------------

+-----------+-------+-----------------+------------+-------------+-----------------+-----+--------+------+-----+----+------+-----+---------+---------------------------------------------------------------------+
| Global Id | Track | Driver Type/Pin | Constraint | Clock Loads | Non-Clock Loads | FF  | LUTRAM | RAMB | DSP | GT | MMCM | PLL | Hard IP | Net                                                                 |
+-----------+-------+-----------------+------------+-------------+-----------------+-----+--------+------+-----+----+------+-----+---------+---------------------------------------------------------------------+
| g0        | n/a   | BUFG/O          | None       |         368 |               0 | 368 |      0 |    0 |   0 |  0 |    0 |   0 |       0 | clock_IBUF_BUFG                                                     |
| g1        | n/a   | BUFG/O          | None       |           9 |               0 |   0 |      0 |    0 |   0 |  0 |    0 |   0 |       0 | instance_wrapper_level1/input_buffer_instance/bsi_mem_A/n_0_6_BUFG  |
| g2        | n/a   | BUFG/O          | None       |           9 |               0 |   0 |      0 |    0 |   0 |  0 |    0 |   0 |       0 | instance_wrapper_level1/input_buffer_instance/bsi_mem_A/n_1_5_BUFG  |
| g3        | n/a   | BUFG/O          | None       |           9 |               0 |   0 |      0 |    0 |   0 |  0 |    0 |   0 |       0 | instance_wrapper_level1/input_buffer_instance/bsi_mem_A/n_2_4_BUFG  |
| g4        | n/a   | BUFG/O          | None       |           9 |               0 |   0 |      0 |    0 |   0 |  0 |    0 |   0 |       0 | instance_wrapper_level1/input_buffer_instance/bsi_mem_A/n_3_3_BUFG  |
| g5        | n/a   | BUFG/O          | None       |          10 |               0 |   0 |      0 |    0 |   0 |  0 |    0 |   0 |       0 | instance_wrapper_level1/input_buffer_instance/bsi_mem_A/n_4_2_BUFG  |
| g6        | n/a   | BUFG/O          | None       |           8 |               0 |   0 |      0 |    0 |   0 |  0 |    0 |   0 |       0 | instance_wrapper_level1/input_buffer_instance/bsi_mem_A/n_5_1_BUFG  |
| g7        | n/a   | BUFG/O          | None       |           6 |               0 |   0 |      0 |    0 |   0 |  0 |    0 |   0 |       0 | instance_wrapper_level1/input_buffer_instance/bsi_mem_A/n_6_0_BUFG  |
| g8        | n/a   | BUFG/O          | None       |           7 |               0 |   0 |      0 |    0 |   0 |  0 |    0 |   0 |       0 | instance_wrapper_level1/input_buffer_instance/bsi_mem_A/n_7_7_BUFG  |
| g9        | n/a   | BUFG/O          | None       |           9 |               0 |   0 |      0 |    0 |   0 |  0 |    0 |   0 |       0 | instance_wrapper_level1/input_buffer_instance/bsi_mem_B/n_10_5_BUFG |
| g10       | n/a   | BUFG/O          | None       |           9 |               0 |   0 |      0 |    0 |   0 |  0 |    0 |   0 |       0 | instance_wrapper_level1/input_buffer_instance/bsi_mem_B/n_8_7_BUFG  |
| g11       | n/a   | BUFG/O          | None       |           9 |               0 |   0 |      0 |    0 |   0 |  0 |    0 |   0 |       0 | instance_wrapper_level1/input_buffer_instance/bsi_mem_B/n_9_6_BUFG  |
+-----------+-------+-----------------+------------+-------------+-----------------+-----+--------+------+-----+----+------+-----+---------+---------------------------------------------------------------------+
* Clock Loads column represents the clock pin loads (pin count)
** Non-Clock Loads column represents the non-clock pin loads (pin count)
*** Columns FF, LUTRAM, RAMB through 'Hard IP' represents load cell counts



# Location of BUFG Primitives 
set_property LOC BUFGCTRL_X0Y11 [get_cells instance_wrapper_level1/input_buffer_instance/bsi_mem_B/n_9_6_BUFG_inst]
set_property LOC BUFGCTRL_X0Y10 [get_cells instance_wrapper_level1/input_buffer_instance/bsi_mem_B/n_8_7_BUFG_inst]
set_property LOC BUFGCTRL_X0Y9 [get_cells instance_wrapper_level1/input_buffer_instance/bsi_mem_B/n_10_5_BUFG_inst]
set_property LOC BUFGCTRL_X0Y8 [get_cells instance_wrapper_level1/input_buffer_instance/bsi_mem_A/n_7_7_BUFG_inst]
set_property LOC BUFGCTRL_X0Y7 [get_cells instance_wrapper_level1/input_buffer_instance/bsi_mem_A/n_6_0_BUFG_inst]
set_property LOC BUFGCTRL_X0Y6 [get_cells instance_wrapper_level1/input_buffer_instance/bsi_mem_A/n_5_1_BUFG_inst]
set_property LOC BUFGCTRL_X0Y5 [get_cells instance_wrapper_level1/input_buffer_instance/bsi_mem_A/n_4_2_BUFG_inst]
set_property LOC BUFGCTRL_X0Y4 [get_cells instance_wrapper_level1/input_buffer_instance/bsi_mem_A/n_3_3_BUFG_inst]
set_property LOC BUFGCTRL_X0Y3 [get_cells instance_wrapper_level1/input_buffer_instance/bsi_mem_A/n_2_4_BUFG_inst]
set_property LOC BUFGCTRL_X0Y2 [get_cells instance_wrapper_level1/input_buffer_instance/bsi_mem_A/n_1_5_BUFG_inst]
set_property LOC BUFGCTRL_X0Y1 [get_cells instance_wrapper_level1/input_buffer_instance/bsi_mem_A/n_0_6_BUFG_inst]
set_property LOC BUFGCTRL_X0Y0 [get_cells clock_IBUF_BUFG_inst]

# Location of IO Primitives which is load of clock spine

# Location of clock ports
set_property LOC IOB_X1Y26 [get_ports clock]

# Clock net "instance_wrapper_level1/input_buffer_instance/bsi_mem_B/n_9_6_BUFG" driven by instance "instance_wrapper_level1/input_buffer_instance/bsi_mem_B/n_9_6_BUFG_inst" located at site "BUFGCTRL_X0Y11"
#startgroup
create_pblock {CLKAG_instance_wrapper_level1/input_buffer_instance/bsi_mem_B/n_9_6_BUFG}
add_cells_to_pblock [get_pblocks  {CLKAG_instance_wrapper_level1/input_buffer_instance/bsi_mem_B/n_9_6_BUFG}] [get_cells -filter { PRIMITIVE_GROUP != I/O && IS_PRIMITIVE==1 && PRIMITIVE_LEVEL !=INTERNAL } -of_object [get_pins -filter {DIRECTION==IN} -of_objects [get_nets -hierarchical -filter {PARENT=="instance_wrapper_level1/input_buffer_instance/bsi_mem_B/n_9_6_BUFG"}]]]
resize_pblock [get_pblocks {CLKAG_instance_wrapper_level1/input_buffer_instance/bsi_mem_B/n_9_6_BUFG}] -add {CLOCKREGION_X1Y0:CLOCKREGION_X1Y0 CLOCKREGION_X1Y1:CLOCKREGION_X1Y1}
#endgroup

# Clock net "instance_wrapper_level1/input_buffer_instance/bsi_mem_B/n_8_7_BUFG" driven by instance "instance_wrapper_level1/input_buffer_instance/bsi_mem_B/n_8_7_BUFG_inst" located at site "BUFGCTRL_X0Y10"
#startgroup
create_pblock {CLKAG_instance_wrapper_level1/input_buffer_instance/bsi_mem_B/n_8_7_BUFG}
add_cells_to_pblock [get_pblocks  {CLKAG_instance_wrapper_level1/input_buffer_instance/bsi_mem_B/n_8_7_BUFG}] [get_cells -filter { PRIMITIVE_GROUP != I/O && IS_PRIMITIVE==1 && PRIMITIVE_LEVEL !=INTERNAL } -of_object [get_pins -filter {DIRECTION==IN} -of_objects [get_nets -hierarchical -filter {PARENT=="instance_wrapper_level1/input_buffer_instance/bsi_mem_B/n_8_7_BUFG"}]]]
resize_pblock [get_pblocks {CLKAG_instance_wrapper_level1/input_buffer_instance/bsi_mem_B/n_8_7_BUFG}] -add {CLOCKREGION_X1Y0:CLOCKREGION_X1Y0 CLOCKREGION_X1Y1:CLOCKREGION_X1Y1}
#endgroup

# Clock net "instance_wrapper_level1/input_buffer_instance/bsi_mem_B/n_10_5_BUFG" driven by instance "instance_wrapper_level1/input_buffer_instance/bsi_mem_B/n_10_5_BUFG_inst" located at site "BUFGCTRL_X0Y9"
#startgroup
create_pblock {CLKAG_instance_wrapper_level1/input_buffer_instance/bsi_mem_B/n_10_5_BUFG}
add_cells_to_pblock [get_pblocks  {CLKAG_instance_wrapper_level1/input_buffer_instance/bsi_mem_B/n_10_5_BUFG}] [get_cells -filter { PRIMITIVE_GROUP != I/O && IS_PRIMITIVE==1 && PRIMITIVE_LEVEL !=INTERNAL } -of_object [get_pins -filter {DIRECTION==IN} -of_objects [get_nets -hierarchical -filter {PARENT=="instance_wrapper_level1/input_buffer_instance/bsi_mem_B/n_10_5_BUFG"}]]]
resize_pblock [get_pblocks {CLKAG_instance_wrapper_level1/input_buffer_instance/bsi_mem_B/n_10_5_BUFG}] -add {CLOCKREGION_X1Y0:CLOCKREGION_X1Y0 CLOCKREGION_X1Y1:CLOCKREGION_X1Y1}
#endgroup

# Clock net "instance_wrapper_level1/input_buffer_instance/bsi_mem_A/n_7_7_BUFG" driven by instance "instance_wrapper_level1/input_buffer_instance/bsi_mem_A/n_7_7_BUFG_inst" located at site "BUFGCTRL_X0Y8"
#startgroup
create_pblock {CLKAG_instance_wrapper_level1/input_buffer_instance/bsi_mem_A/n_7_7_BUFG}
add_cells_to_pblock [get_pblocks  {CLKAG_instance_wrapper_level1/input_buffer_instance/bsi_mem_A/n_7_7_BUFG}] [get_cells -filter { PRIMITIVE_GROUP != I/O && IS_PRIMITIVE==1 && PRIMITIVE_LEVEL !=INTERNAL } -of_object [get_pins -filter {DIRECTION==IN} -of_objects [get_nets -hierarchical -filter {PARENT=="instance_wrapper_level1/input_buffer_instance/bsi_mem_A/n_7_7_BUFG"}]]]
resize_pblock [get_pblocks {CLKAG_instance_wrapper_level1/input_buffer_instance/bsi_mem_A/n_7_7_BUFG}] -add {CLOCKREGION_X1Y0:CLOCKREGION_X1Y0 CLOCKREGION_X1Y1:CLOCKREGION_X1Y1}
#endgroup

# Clock net "instance_wrapper_level1/input_buffer_instance/bsi_mem_A/n_6_0_BUFG" driven by instance "instance_wrapper_level1/input_buffer_instance/bsi_mem_A/n_6_0_BUFG_inst" located at site "BUFGCTRL_X0Y7"
#startgroup
create_pblock {CLKAG_instance_wrapper_level1/input_buffer_instance/bsi_mem_A/n_6_0_BUFG}
add_cells_to_pblock [get_pblocks  {CLKAG_instance_wrapper_level1/input_buffer_instance/bsi_mem_A/n_6_0_BUFG}] [get_cells -filter { PRIMITIVE_GROUP != I/O && IS_PRIMITIVE==1 && PRIMITIVE_LEVEL !=INTERNAL } -of_object [get_pins -filter {DIRECTION==IN} -of_objects [get_nets -hierarchical -filter {PARENT=="instance_wrapper_level1/input_buffer_instance/bsi_mem_A/n_6_0_BUFG"}]]]
resize_pblock [get_pblocks {CLKAG_instance_wrapper_level1/input_buffer_instance/bsi_mem_A/n_6_0_BUFG}] -add {CLOCKREGION_X1Y0:CLOCKREGION_X1Y0 CLOCKREGION_X1Y1:CLOCKREGION_X1Y1}
#endgroup

# Clock net "instance_wrapper_level1/input_buffer_instance/bsi_mem_A/n_5_1_BUFG" driven by instance "instance_wrapper_level1/input_buffer_instance/bsi_mem_A/n_5_1_BUFG_inst" located at site "BUFGCTRL_X0Y6"
#startgroup
create_pblock {CLKAG_instance_wrapper_level1/input_buffer_instance/bsi_mem_A/n_5_1_BUFG}
add_cells_to_pblock [get_pblocks  {CLKAG_instance_wrapper_level1/input_buffer_instance/bsi_mem_A/n_5_1_BUFG}] [get_cells -filter { PRIMITIVE_GROUP != I/O && IS_PRIMITIVE==1 && PRIMITIVE_LEVEL !=INTERNAL } -of_object [get_pins -filter {DIRECTION==IN} -of_objects [get_nets -hierarchical -filter {PARENT=="instance_wrapper_level1/input_buffer_instance/bsi_mem_A/n_5_1_BUFG"}]]]
resize_pblock [get_pblocks {CLKAG_instance_wrapper_level1/input_buffer_instance/bsi_mem_A/n_5_1_BUFG}] -add {CLOCKREGION_X1Y0:CLOCKREGION_X1Y0 CLOCKREGION_X1Y1:CLOCKREGION_X1Y1}
#endgroup

# Clock net "instance_wrapper_level1/input_buffer_instance/bsi_mem_A/n_4_2_BUFG" driven by instance "instance_wrapper_level1/input_buffer_instance/bsi_mem_A/n_4_2_BUFG_inst" located at site "BUFGCTRL_X0Y5"
#startgroup
create_pblock {CLKAG_instance_wrapper_level1/input_buffer_instance/bsi_mem_A/n_4_2_BUFG}
add_cells_to_pblock [get_pblocks  {CLKAG_instance_wrapper_level1/input_buffer_instance/bsi_mem_A/n_4_2_BUFG}] [get_cells -filter { PRIMITIVE_GROUP != I/O && IS_PRIMITIVE==1 && PRIMITIVE_LEVEL !=INTERNAL } -of_object [get_pins -filter {DIRECTION==IN} -of_objects [get_nets -hierarchical -filter {PARENT=="instance_wrapper_level1/input_buffer_instance/bsi_mem_A/n_4_2_BUFG"}]]]
resize_pblock [get_pblocks {CLKAG_instance_wrapper_level1/input_buffer_instance/bsi_mem_A/n_4_2_BUFG}] -add {CLOCKREGION_X1Y0:CLOCKREGION_X1Y0 CLOCKREGION_X1Y1:CLOCKREGION_X1Y1}
#endgroup

# Clock net "instance_wrapper_level1/input_buffer_instance/bsi_mem_A/n_3_3_BUFG" driven by instance "instance_wrapper_level1/input_buffer_instance/bsi_mem_A/n_3_3_BUFG_inst" located at site "BUFGCTRL_X0Y4"
#startgroup
create_pblock {CLKAG_instance_wrapper_level1/input_buffer_instance/bsi_mem_A/n_3_3_BUFG}
add_cells_to_pblock [get_pblocks  {CLKAG_instance_wrapper_level1/input_buffer_instance/bsi_mem_A/n_3_3_BUFG}] [get_cells -filter { PRIMITIVE_GROUP != I/O && IS_PRIMITIVE==1 && PRIMITIVE_LEVEL !=INTERNAL } -of_object [get_pins -filter {DIRECTION==IN} -of_objects [get_nets -hierarchical -filter {PARENT=="instance_wrapper_level1/input_buffer_instance/bsi_mem_A/n_3_3_BUFG"}]]]
resize_pblock [get_pblocks {CLKAG_instance_wrapper_level1/input_buffer_instance/bsi_mem_A/n_3_3_BUFG}] -add {CLOCKREGION_X1Y0:CLOCKREGION_X1Y0 CLOCKREGION_X1Y1:CLOCKREGION_X1Y1}
#endgroup

# Clock net "instance_wrapper_level1/input_buffer_instance/bsi_mem_A/n_2_4_BUFG" driven by instance "instance_wrapper_level1/input_buffer_instance/bsi_mem_A/n_2_4_BUFG_inst" located at site "BUFGCTRL_X0Y3"
#startgroup
create_pblock {CLKAG_instance_wrapper_level1/input_buffer_instance/bsi_mem_A/n_2_4_BUFG}
add_cells_to_pblock [get_pblocks  {CLKAG_instance_wrapper_level1/input_buffer_instance/bsi_mem_A/n_2_4_BUFG}] [get_cells -filter { PRIMITIVE_GROUP != I/O && IS_PRIMITIVE==1 && PRIMITIVE_LEVEL !=INTERNAL } -of_object [get_pins -filter {DIRECTION==IN} -of_objects [get_nets -hierarchical -filter {PARENT=="instance_wrapper_level1/input_buffer_instance/bsi_mem_A/n_2_4_BUFG"}]]]
resize_pblock [get_pblocks {CLKAG_instance_wrapper_level1/input_buffer_instance/bsi_mem_A/n_2_4_BUFG}] -add {CLOCKREGION_X1Y0:CLOCKREGION_X1Y0 CLOCKREGION_X1Y1:CLOCKREGION_X1Y1}
#endgroup

# Clock net "instance_wrapper_level1/input_buffer_instance/bsi_mem_A/n_1_5_BUFG" driven by instance "instance_wrapper_level1/input_buffer_instance/bsi_mem_A/n_1_5_BUFG_inst" located at site "BUFGCTRL_X0Y2"
#startgroup
create_pblock {CLKAG_instance_wrapper_level1/input_buffer_instance/bsi_mem_A/n_1_5_BUFG}
add_cells_to_pblock [get_pblocks  {CLKAG_instance_wrapper_level1/input_buffer_instance/bsi_mem_A/n_1_5_BUFG}] [get_cells -filter { PRIMITIVE_GROUP != I/O && IS_PRIMITIVE==1 && PRIMITIVE_LEVEL !=INTERNAL } -of_object [get_pins -filter {DIRECTION==IN} -of_objects [get_nets -hierarchical -filter {PARENT=="instance_wrapper_level1/input_buffer_instance/bsi_mem_A/n_1_5_BUFG"}]]]
resize_pblock [get_pblocks {CLKAG_instance_wrapper_level1/input_buffer_instance/bsi_mem_A/n_1_5_BUFG}] -add {CLOCKREGION_X1Y0:CLOCKREGION_X1Y0 CLOCKREGION_X1Y1:CLOCKREGION_X1Y1}
#endgroup

# Clock net "instance_wrapper_level1/input_buffer_instance/bsi_mem_A/n_0_6_BUFG" driven by instance "instance_wrapper_level1/input_buffer_instance/bsi_mem_A/n_0_6_BUFG_inst" located at site "BUFGCTRL_X0Y1"
#startgroup
create_pblock {CLKAG_instance_wrapper_level1/input_buffer_instance/bsi_mem_A/n_0_6_BUFG}
add_cells_to_pblock [get_pblocks  {CLKAG_instance_wrapper_level1/input_buffer_instance/bsi_mem_A/n_0_6_BUFG}] [get_cells -filter { PRIMITIVE_GROUP != I/O && IS_PRIMITIVE==1 && PRIMITIVE_LEVEL !=INTERNAL } -of_object [get_pins -filter {DIRECTION==IN} -of_objects [get_nets -hierarchical -filter {PARENT=="instance_wrapper_level1/input_buffer_instance/bsi_mem_A/n_0_6_BUFG"}]]]
resize_pblock [get_pblocks {CLKAG_instance_wrapper_level1/input_buffer_instance/bsi_mem_A/n_0_6_BUFG}] -add {CLOCKREGION_X1Y0:CLOCKREGION_X1Y0 CLOCKREGION_X1Y1:CLOCKREGION_X1Y1}
#endgroup

# Clock net "clock_IBUF_BUFG" driven by instance "clock_IBUF_BUFG_inst" located at site "BUFGCTRL_X0Y0"
#startgroup
create_pblock {CLKAG_clock_IBUF_BUFG}
add_cells_to_pblock [get_pblocks  {CLKAG_clock_IBUF_BUFG}] [get_cells -filter { PRIMITIVE_GROUP != I/O && IS_PRIMITIVE==1 && PRIMITIVE_LEVEL !=INTERNAL } -of_object [get_pins -filter {DIRECTION==IN} -of_objects [get_nets -hierarchical -filter {PARENT=="clock_IBUF_BUFG"}]]]
resize_pblock [get_pblocks {CLKAG_clock_IBUF_BUFG}] -add {CLOCKREGION_X1Y0:CLOCKREGION_X1Y0 CLOCKREGION_X1Y1:CLOCKREGION_X1Y1}
#endgroup
