INFO: [VRFC 10-2263] Analyzing Verilog file "/home/shivamtyagi/Carry_Lookahead_Adder/Carry_Lookahead_Adder.sim/sim_1/impl/func/xsim/cla_TB_func_impl.v" into library xil_defaultlib
INFO: [VRFC 10-311] analyzing module CLA_Adder_Top
INFO: [VRFC 10-311] analyzing module CLA_Adder_Wrapper_level1
INFO: [VRFC 10-311] analyzing module CLA_Adder_Wrapper_level2
INFO: [VRFC 10-311] analyzing module CLA_Memory_Module
INFO: [VRFC 10-311] analyzing module CLA_Memory_Module__1
INFO: [VRFC 10-311] analyzing module adder
INFO: [VRFC 10-311] analyzing module bsi_mem_output_side
INFO: [VRFC 10-311] analyzing module carry_lookahead_adder
INFO: [VRFC 10-311] analyzing module carry_lookahead_adder__1
INFO: [VRFC 10-311] analyzing module carry_lookahead_adder__2
INFO: [VRFC 10-311] analyzing module carry_lookahead_adder__3
INFO: [VRFC 10-311] analyzing module carry_lookahead_adder__4
INFO: [VRFC 10-311] analyzing module carry_lookahead_adder__5
INFO: [VRFC 10-311] analyzing module carry_lookahead_adder__6
INFO: [VRFC 10-311] analyzing module carry_lookahead_adder__7
INFO: [VRFC 10-311] analyzing module dreg
INFO: [VRFC 10-311] analyzing module enable_decoder
INFO: [VRFC 10-311] analyzing module enable_decoder__1
INFO: [VRFC 10-311] analyzing module enable_generator
INFO: [VRFC 10-311] analyzing module full_adder
INFO: [VRFC 10-311] analyzing module full_adder__1
INFO: [VRFC 10-311] analyzing module full_adder__10
INFO: [VRFC 10-311] analyzing module full_adder__11
INFO: [VRFC 10-311] analyzing module full_adder__12
INFO: [VRFC 10-311] analyzing module full_adder__13
INFO: [VRFC 10-311] analyzing module full_adder__14
INFO: [VRFC 10-311] analyzing module full_adder__15
INFO: [VRFC 10-311] analyzing module full_adder__16
INFO: [VRFC 10-311] analyzing module full_adder__17
INFO: [VRFC 10-311] analyzing module full_adder__18
INFO: [VRFC 10-311] analyzing module full_adder__19
INFO: [VRFC 10-311] analyzing module full_adder__2
INFO: [VRFC 10-311] analyzing module full_adder__20
INFO: [VRFC 10-311] analyzing module full_adder__21
INFO: [VRFC 10-311] analyzing module full_adder__22
INFO: [VRFC 10-311] analyzing module full_adder__23
INFO: [VRFC 10-311] analyzing module full_adder__24
INFO: [VRFC 10-311] analyzing module full_adder__25
INFO: [VRFC 10-311] analyzing module full_adder__26
INFO: [VRFC 10-311] analyzing module full_adder__27
INFO: [VRFC 10-311] analyzing module full_adder__28
INFO: [VRFC 10-311] analyzing module full_adder__29
INFO: [VRFC 10-311] analyzing module full_adder__3
INFO: [VRFC 10-311] analyzing module full_adder__30
INFO: [VRFC 10-311] analyzing module full_adder__31
INFO: [VRFC 10-311] analyzing module full_adder__4
INFO: [VRFC 10-311] analyzing module full_adder__5
INFO: [VRFC 10-311] analyzing module full_adder__6
INFO: [VRFC 10-311] analyzing module full_adder__7
INFO: [VRFC 10-311] analyzing module full_adder__8
INFO: [VRFC 10-311] analyzing module full_adder__9
INFO: [VRFC 10-311] analyzing module imem
INFO: [VRFC 10-311] analyzing module input_buffer
INFO: [VRFC 10-311] analyzing module output_buffer
INFO: [VRFC 10-311] analyzing module output_mem_to_R0
INFO: [VRFC 10-311] analyzing module glbl
